
  [✓] Root user check

        .;;,.
        .ccccc:,.
         :cccclll:.      ..,,
          :ccccclll.   ;ooodc
           'ccll:;ll .oooodc
             .;cll.;;looo:.
                 .. ','.
                .',,,,,,'.
              .',,,,,,,,,,.
            .',,,,,,,,,,,,....
          ....''',,,,,,,'.......
        .........  ....  .........
        ..........      ..........
        ..........      ..........
        .........  ....  .........
          ........,,,,,,,'......
            ....',,,,,,,,,,,,.
               .',,,,,,,,,'.
                .',,,,,,'.
                  ..'''.

  [i] SELinux not detected
  [i] Update local cache of available packages...
[K  [✓] Update local cache of available packages
  [i] Existing PHP installation detected : PHP version 8.1.2-1ubuntu2.14

  [i] Checking apt-get for upgraded packages...
[K  [✓] Checking apt-get for upgraded packages... 10 updates available
  [i] It is recommended to update your OS after installing the Pi-hole!

  [i] Checking for / installing Required dependencies for OS Check...
  [i] Checking for grep...
[K  [✓] Checking for grep
  [i] Checking for dnsutils...
[K  [✓] Checking for dnsutils

  [✓] Supported OS detected
  [i] Checking for / installing Required dependencies for this install script...
  [i] Checking for git...
[K  [✓] Checking for git
  [i] Checking for iproute2...
[K  [✓] Checking for iproute2
  [i] Checking for dialog...
[K  [✓] Checking for dialog
  [i] Checking for ca-certificates...
[K  [✓] Checking for ca-certificates

  [i] Repair option selected
  [i] Performing reconfiguration, skipping download of local repos
  [i] Resetting repository within /etc/.pihole......
[K  [✓] Resetting repository within /etc/.pihole...
  [i] Resetting repository within /var/www/html/admin......
[K  [✓] Resetting repository within /var/www/html/admin...
  [i] Checking for / installing Required dependencies for Pi-hole software...
  [i] Checking for cron...
[K  [✓] Checking for cron
  [i] Checking for curl...
[K  [✓] Checking for curl
  [i] Checking for iputils-ping...
[K  [✓] Checking for iputils-ping
  [i] Checking for psmisc...
[K  [✓] Checking for psmisc
  [i] Checking for sudo...
[K  [✓] Checking for sudo
  [i] Checking for unzip...
[K  [✓] Checking for unzip
  [i] Checking for idn2...
[K  [✓] Checking for idn2
  [i] Checking for libcap2-bin...
[K  [✓] Checking for libcap2-bin
  [i] Checking for dns-root-data...
[K  [✓] Checking for dns-root-data
  [i] Checking for libcap2...
[K  [✓] Checking for libcap2
  [i] Checking for netcat-openbsd...
[K  [✓] Checking for netcat-openbsd
  [i] Checking for procps...
[K  [✓] Checking for procps
  [i] Checking for jq...
[K  [✓] Checking for jq
  [i] Checking for lighttpd...
[K  [✓] Checking for lighttpd
  [i] Checking for php8.1-common...
[K  [✓] Checking for php8.1-common
  [i] Checking for php8.1-cgi...
[K  [✓] Checking for php8.1-cgi
  [i] Checking for php8.1-sqlite3...
[K  [✓] Checking for php8.1-sqlite3
  [i] Checking for php8.1-xml...
[K  [✓] Checking for php8.1-xml
  [i] Checking for php8.1-intl...
[K  [✓] Checking for php8.1-intl

  [i] Enabling lighttpd service to start on reboot...
[K  [✓] Enabling lighttpd service to start on reboot...
  [i] Checking for user 'pihole'...
[K  [✓] Checking for user 'pihole'

  [i] FTL Checks...

    [i] Detecting processor...
[K  [✓] Detected ARMv7 processor (with hard-float support)
  [i] Checking for existing FTL binary...
  [i] Latest FTL Binary already installed (v5.25.1). Confirming Checksum...
  [i] Checksum correct. No need to download!
  [i] Installing scripts from /etc/.pihole...
[K  [✓] Installing scripts from /etc/.pihole

  [i] Installing configs from /etc/.pihole...
  [i] Existing dnsmasq.conf found... it is not a Pi-hole file, leaving alone!
  [i] Installing /etc/dnsmasq.d/01-pihole.conf...
[K  [✓] Installed /etc/dnsmasq.d/01-pihole.conf
  [i] Installing /etc/.pihole/advanced/06-rfc6761.conf...
[K  [✓] Installed /etc/dnsmasq.d/06-rfc6761.conf

  [i] Installing sudoer file...
[K  [✓] Installing sudoer file

  [i] Installing latest Cron script...
[K  [✓] Installing latest Cron script

  [i] Installing latest logrotate script...
	[i] Existing logrotate file found. No changes made.
  [i] Backing up /etc/dnsmasq.conf to /etc/dnsmasq.conf.old
  [i] Testing man page installation
[K  [✓] man pages installed and database updated
  [i] Testing if systemd-resolved is enabled
  
[K [i] Testing if systemd-resolved DNSStub-Listener is active
[K  [i] Systemd-resolved does not need to be restarted
  [i] Restarting lighttpd service...
[K  [✓] Restarting lighttpd service...
  [i] Enabling lighttpd service to start on reboot...
[K  [✓] Enabling lighttpd service to start on reboot...
  [i] Restarting services...
  [i] Enabling pihole-FTL service to start on reboot...
[K  [✓] Enabling pihole-FTL service to start on reboot...
  [i] Restarting pihole-FTL service...
[K  [✓] Restarting pihole-FTL service...
y
y
y
y
y
y
y
y
y
y
y
y
y
y
y
y
y
y
y
y
y
y
y
y
y
y
y
y
y
y
y
y
y
y
y
y
y
y
y
y
y
y
y
y
y
y
y
y
y
y
y
y
y
y
y
y
y
[... and so on until the disk is full ...]
